2024-05-01 19:02:58.649471 INFO::Writing function arguments to log file
2024-05-01 19:02:58.652139 DEBUG::Function arguments
2024-05-01 19:02:58.654403 DEBUG::Output folder: ./../output/output_Gender
2024-05-01 19:02:58.65451 DEBUG::Min Abundance: 0.000001
2024-05-01 19:02:58.654607 DEBUG::Min Prevalence: 0.400000
2024-05-01 19:02:58.654699 DEBUG::Normalization: NONE
2024-05-01 19:02:58.654793 DEBUG::Transform: LOG
2024-05-01 19:02:58.654883 DEBUG::Analysis method: LM
2024-05-01 19:02:58.654977 DEBUG::Max significance: 0.250000
2024-05-01 19:02:58.655068 DEBUG::Random effects:
2024-05-01 19:02:58.655156 DEBUG::Fixed effects: Gender
2024-05-01 19:02:58.655246 DEBUG::Correction method: BH
2024-05-01 19:02:58.655336 DEBUG::Standardize: FALSE
2024-05-01 19:02:58.655424 DEBUG::Cores: 1
2024-05-01 19:02:58.65551 INFO::Verifying options selected are valid
2024-05-01 19:02:58.665178 INFO::Determining format of input files
2024-05-01 19:02:58.66547 INFO::Input format is data samples as rows and metadata samples as rows
2024-05-01 19:02:58.665996 DEBUG::A total of 50 samples were found in both the data and metadata
2024-05-01 19:02:58.666094 DEBUG::Reordering data/metadata to use same sample ordering
2024-05-01 19:02:58.666385 INFO::Formula for fixed effects: expr ~  Gender
2024-05-01 19:02:58.666749 INFO::Filter data based on min abundance and min prevalence
2024-05-01 19:02:58.666917 INFO::Total samples in data: 50
2024-05-01 19:02:58.66708 INFO::Min samples required with min abundance for a feature not to be filtered: 20.000000
2024-05-01 19:02:58.667573 INFO::Total filtered features: 37
2024-05-01 19:02:58.667797 INFO::Filtered feature names from abundance and prevalence filtering: d__Archaea.p__Euryarchaeota, d__Bacteria.p__Acidobacteriota, d__Bacteria.p__Armatimonadota, d__Bacteria.p__Bdellovibrionota, d__Bacteria.p__Campilobacterota, d__Bacteria.p__Cyanobacteria, d__Bacteria.p__Deferribacterota, d__Bacteria.p__Deinococcota, d__Bacteria.p__Elusimicrobiota, d__Bacteria.p__Fusobacteriota, d__Bacteria.p__Gemmatimonadota, d__Bacteria.p__Myxococcota, d__Bacteria.p__Patescibacteria, d__Bacteria.p__Planctomycetota, d__Bacteria.p__Spirochaetota, d__Bacteria.p__Synergistota, d__Archaea.p__Euryarchaeota.c__Methanobacteria.o__Methanobacteriales.f__Methanobacteriaceae, d__Bacteria.p__Acidobacteriota.c__Acidobacteriae.o__Acidobacteriales.f__Acidobacteriaceae_.Subgroup_1., d__Bacteria.p__Acidobacteriota.c__Acidobacteriae.o__Bryobacterales.f__Bryobacteraceae, d__Bacteria.p__Acidobacteriota.c__Blastocatellia.o__Blastocatellales.f__Blastocatellaceae, d__Bacteria.p__Actinobacteriota.c__Actinobacteria.o__Actinomycetales.f__Actinomycetaceae, d__Bacteria.p__Actinobacteriota.c__Actinobacteria.o__Bifidobacteriales.f__Bifidobacteriaceae, d__Bacteria.p__Actinobacteriota.c__Actinobacteria.o__Corynebacteriales.f__Corynebacteriaceae, d__Bacteria.p__Actinobacteriota.c__Actinobacteria.o__Corynebacteriales.f__Nocardiaceae, d__Bacteria.p__Actinobacteriota.c__Actinobacteria.o__Frankiales.f__Nakamurellaceae, d__Bacteria.p__Actinobacteriota.c__Actinobacteria.o__Micrococcales.f__Brevibacteriaceae, d__Bacteria.p__Actinobacteriota.c__Actinobacteria.o__Micrococcales.f__Cellulomonadaceae, d__Bacteria.p__Actinobacteriota.c__Actinobacteria.o__Micrococcales.f__Intrasporangiaceae, d__Bacteria.p__Actinobacteriota.c__Actinobacteria.o__Micrococcales.f__Microbacteriaceae, d__Bacteria.p__Actinobacteriota.c__Actinobacteria.o__Micrococcales.f__Micrococcaceae, d__Bacteria.p__Actinobacteriota.c__Actinobacteria.o__Propionibacteriales.f__Propionibacteriaceae, d__Bacteria.p__Actinobacteriota.c__Coriobacteriia.o__Coriobacteriales.f__Atopobiaceae, d__Bacteria.p__Actinobacteriota.c__Coriobacteriia.o__Coriobacteriales.f__Eggerthellaceae, d__Bacteria.p__Armatimonadota.c__Fimbriimonadia.o__Fimbriimonadales.f__Fimbriimonadaceae, d__Bacteria.p__Bacteroidota.c__Bacteroidia.o__Bacteroidales.f__Dysgonomonadaceae, d__Bacteria.p__Bacteroidota.c__Bacteroidia.o__Bacteroidales.f__Paludibacteraceae, d__Bacteria.p__Bacteroidota.c__Bacteroidia.o__Bacteroidales.f__Porphyromonadaceae
2024-05-01 19:02:58.6682 INFO::Total filtered features with variance filtering: 0
2024-05-01 19:02:58.668436 INFO::Filtered feature names from variance filtering:
2024-05-01 19:02:58.668624 INFO::Running selected normalization method: NONE
2024-05-01 19:02:58.668801 INFO::Bypass z-score application to metadata
2024-05-01 19:02:58.668964 INFO::Running selected transform method: LOG
2024-05-01 19:02:58.669263 INFO::Running selected analysis method: LM
2024-05-01 19:02:58.672738 INFO::Fitting model to feature number 1, d__Bacteria.p__Actinobacteriota
2024-05-01 19:02:58.675606 INFO::Fitting model to feature number 2, d__Bacteria.p__Bacteroidota
2024-05-01 19:02:58.676338 INFO::Fitting model to feature number 3, d__Bacteria.p__Desulfobacterota
2024-05-01 19:02:58.677019 INFO::Fitting model to feature number 4, d__Bacteria.p__Firmicutes
2024-05-01 19:02:58.677808 INFO::Fitting model to feature number 5, d__Bacteria.p__Proteobacteria
2024-05-01 19:02:58.678578 INFO::Fitting model to feature number 6, d__Bacteria.p__Verrucomicrobiota
2024-05-01 19:02:58.679445 INFO::Fitting model to feature number 7, d__Bacteria.p__Actinobacteriota.c__Coriobacteriia.o__Coriobacteriales.f__Coriobacteriaceae
2024-05-01 19:02:58.680255 INFO::Fitting model to feature number 8, d__Bacteria.p__Bacteroidota.c__Bacteroidia.o__Bacteroidales.f__Bacteroidaceae
2024-05-01 19:02:58.68105 INFO::Fitting model to feature number 9, d__Bacteria.p__Bacteroidota.c__Bacteroidia.o__Bacteroidales.f__Barnesiellaceae
2024-05-01 19:02:58.681759 INFO::Fitting model to feature number 10, d__Bacteria.p__Bacteroidota.c__Bacteroidia.o__Bacteroidales.f__Marinifilaceae
2024-05-01 19:02:58.682485 INFO::Fitting model to feature number 11, d__Bacteria.p__Bacteroidota.c__Bacteroidia.o__Bacteroidales.f__Muribaculaceae
2024-05-01 19:02:58.683233 INFO::Fitting model to feature number 12, d__Bacteria.p__Bacteroidota.c__Bacteroidia.o__Bacteroidales.f__Prevotellaceae
2024-05-01 19:02:58.683987 INFO::Fitting model to feature number 13, d__Bacteria.p__Bacteroidota.c__Bacteroidia.o__Bacteroidales.f__Rikenellaceae
2024-05-01 19:02:58.688155 INFO::Counting total values for each feature
2024-05-01 19:02:58.688862 INFO::Writing filtered data to file ./../output/output_Gender/features/filtered_data.tsv
2024-05-01 19:02:58.689789 INFO::Writing filtered, normalized data to file ./../output/output_Gender/features/filtered_data_norm.tsv
2024-05-01 19:02:58.690418 INFO::Writing filtered, normalized, transformed data to file ./../output/output_Gender/features/filtered_data_norm_transformed.tsv
2024-05-01 19:02:58.691268 WARNING::Deleting existing residuals file: ./../output/output_Gender/fits/residuals.rds
2024-05-01 19:02:58.691788 INFO::Writing residuals to file ./../output/output_Gender/fits/residuals.rds
2024-05-01 19:02:58.692294 WARNING::Deleting existing fitted file: ./../output/output_Gender/fits/fitted.rds
2024-05-01 19:02:58.69256 INFO::Writing fitted values to file ./../output/output_Gender/fits/fitted.rds
2024-05-01 19:02:58.692881 INFO::Writing all results to file (ordered by increasing q-values): ./../output/output_Gender/all_results.tsv
2024-05-01 19:02:58.693353 INFO::Writing the significant results (those which are less than or equal to the threshold of 0.250000 ) to file (ordered by increasing q-values): ./../output/output_Gender/significant_results.tsv
2024-05-01 19:02:58.693654 INFO::Writing heatmap of significant results to file: ./../output/output_Gender/heatmap.pdf
2024-05-01 19:02:58.694235 INFO::Writing association plots (one for each significant association) to output folder: ./../output/output_Gender
2024-05-01 19:02:58.694903 INFO::Plotting associations from most to least significant, grouped by metadata
2024-05-01 19:02:58.69515 INFO::Plotting data for metadata number 1, Gender
2024-05-01 19:02:58.708003 INFO::Creating boxplot for categorical data, Gender vs d__Bacteria.p__Bacteroidota
